                         Lattice Mapping Report File
Design:  top
Family:  iCE40UP
Device:  iCE40UP5K
Package: SG48
Performance Grade:  High-Performance_1.2V

Mapper:    version Radiant Software (64-bit) 2023.1.0.43.3
Mapped on: Mon Nov 11 15:19:21 2024

Design Information
------------------

Command line:   map -i lab7_ROM_impl_1_syn.udb -pdc Z:/es4/lab7_ROM/pins.pdc -o
     lab7_ROM_impl_1_map.udb -mp lab7_ROM_impl_1.mrp -hierrpt -gui

Design Summary
--------------

   Number of slice registers:  30 out of  5280 (1%)
   Number of I/O registers:      3 out of   117 (3%)
   Number of LUT4s:            37 out of  5280 (1%)
      Number of logic LUT4s:               7
      Number of inserted feedthru LUT4s:   1
      Number of replicated LUT4s:          1
      Number of ripple logic:             14 (28 LUT4s)
   Number of IO sites used:   7 out of 39 (18%)
      Number of IO sites used for general PIO: 7
      Number of IO sites used for I3C: 0 out of 2 (0%)
      (note: If I3C is not used, its site can be used as general PIO)
      Number of IO sites used for PIO+I3C: 7 out of 36 (19%)
      Number of IO sites used for OD+RGB IO buffers: 0 out of 3 (0%)
      (note: If RGB LED drivers are not used, sites can be used as OD outputs,
       see TN1288 iCE40 LED Driver Usage Guide)
      Number of IO sites used for PIO+I3C+OD+RGB: 7 out of 39 (18%)
   Number of DSPs:             0 out of 8 (0%)
   Number of I2Cs:             0 out of 2 (0%)
   Number of High Speed OSCs:  1 out of 1 (100%)
   Number of Low Speed OSCs:   0 out of 1 (0%)
   Number of RGB PWM:          0 out of 1 (0%)
   Number of RGB Drivers:      0 out of 1 (0%)
   Number of SCL FILTERs:      0 out of 2 (0%)
   Number of SRAMs:            0 out of 4 (0%)
   Number of WARMBOOTs:        0 out of 1 (0%)
   Number of SPIs:             0 out of 2 (0%)
   Number of EBRs:             0 out of 30 (0%)
   Number of PLLs:             0 out of 1 (0%)
   Number of Clocks:  1
      Net clk: 21 loads, 21 rising, 0 falling (Driver: Pin osc/CLKHF)
   Number of Clock Enables:  1
      Net VCC_net: 1 loads, 0 SLICEs
   Number of LSRs:  2
      Net address[2]: 2 loads, 2 SLICEs
      Net display_c_2_N_9: 2 loads, 2 SLICEs
   Top 10 highest fanout non-clock nets:
      Net address[1]: 8 loads
      Net address[2]: 7 loads
      Net address[0]: 6 loads
      Net VCC_net: 3 loads
      Net counter1.n122: 2 loads
      Net counter1.n126: 2 loads

                                    Page 1





Design Summary (cont)
---------------------
      Net counter1.n128: 2 loads
      Net counter1.n497: 2 loads
      Net counter1.n503: 2 loads
      Net display_c_2_N_9: 2 loads




   Number of warnings:  0
   Number of errors:    0

Design Errors/Warnings
----------------------

   No errors or warnings present.

IO (PIO) Attributes
-------------------

+---------------------+-----------+-----------+-------+-------+-----------+
| IO Name             | Direction | Levelmode |  IO   |  IO   | Special   |
|                     |           |  IO_TYPE  |  REG  |  DDR  | IO Buffer |
+---------------------+-----------+-----------+-------+-------+-----------+
| display[6]          | OUTPUT    |           |       |       |           |
+---------------------+-----------+-----------+-------+-------+-----------+
| display[5]          | OUTPUT    |           |       |       |           |
+---------------------+-----------+-----------+-------+-------+-----------+
| display[4]          | OUTPUT    |           | O     |       |           |
+---------------------+-----------+-----------+-------+-------+-----------+
| display[3]          | OUTPUT    |           |       |       |           |
+---------------------+-----------+-----------+-------+-------+-----------+
| display[2]          | OUTPUT    |           |       |       |           |
+---------------------+-----------+-----------+-------+-------+-----------+
| display[1]          | OUTPUT    |           | O     |       |           |
+---------------------+-----------+-----------+-------+-------+-----------+
| display[0]          | OUTPUT    |           | O     |       |           |
+---------------------+-----------+-----------+-------+-------+-----------+

Removed logic
-------------

Block i1 was optimized away.

OSC Summary
-----------

OSC 1:                                 Pin/Node Value
  OSC Instance Name:                            osc
  Power UP:                            NODE     VCC_net
  Enable Signal:                       NODE     VCC_net
  OSC Output:                          NODE     clk
  DIV Setting:                                  00

ASIC Components
---------------

Instance Name: osc

                                    Page 2





ASIC Components (cont)
----------------------
         Type: HFOSC
Instance Name: rom1/display_c_4_I_0
         Type: IOLOGIC
Instance Name: rom1/display_c_1_I_0
         Type: IOLOGIC
Instance Name: rom1/display_c_0_I_0
         Type: IOLOGIC

Constraint Summary
------------------

   Total number of constraints: 8
   Total number of constraints dropped: 0

Run Time and Memory Usage
-------------------------

   Total CPU Time: 0 secs
   Total REAL Time: 0 secs
   Peak Memory Usage: 56 MB






































                                    Page 3


Copyright (c) 1991-1994 by NeoCAD Inc. All rights reserved.
Copyright (c) 1995
     AT&T Corp.   All rights reserved.
Copyright (c) 1995-2001 Lucent
     Technologies Inc.  All rights reserved.
Copyright (c) 2001 Agere Systems
     All rights reserved.
Copyright (c) 2002-2023 Lattice Semiconductor
     Corporation,  All rights reserved.
