synthesis:  version Radiant Software (64-bit) 2023.1.0.43.3

Copyright (c) 1991-1994 by NeoCAD Inc. All rights reserved.
Copyright (c) 1995 AT&T Corp.   All rights reserved.
Copyright (c) 1995-2001 Lucent Technologies Inc.  All rights reserved.
Copyright (c) 2001 Agere Systems   All rights reserved.
Copyright (c) 2002-2023 Lattice Semiconductor Corporation,  All rights reserved.
Mon Nov 11 15:19:17 2024


Command Line:  C:\lscc\radiant\2023.1\ispfpga\bin\nt64\synthesis.exe -f lab7_ROM_impl_1_lattice.synproj -gui -msgset Z:/es4/lab7_ROM/promote.xml 

Synthesis options:
The -a option is iCE40UP.
The -t option is SG48.
The -sp option is High-Performance_1.2V.
The -p option is iCE40UP5K.
                                                          


##########################################################


### Lattice Family     : iCE40UP


### Device             : iCE40UP5K


### Package            : SG48


### Performance Grade  : High-Performance_1.2V


                                                         


INFO <35001786> - synthesis: User-Selected Strategy Settings
Optimization goal = Area
Top-level module name = top.
Target frequency = 200.000000 MHz.
Maximum fanout = 1000.
Timing path count = 3 (default)
RWCheckOnRam = 0

BRAM utilization = 100.000000 %
DSP usage = true
DSP utilization = 100.000000 %
fsm_encoding_style = auto
resolve_mixed_drivers = 0
fix_gated_clocks = 1


Mux style = auto (Default)
Use Carry Chain = true
carry_chain_length = 0
Loop Limit = 1950.
Use IO Insertion = TRUE
Use IO Reg = AUTO

Resource Sharing = TRUE
Propagate Constants = TRUE
Remove Duplicate Registers = TRUE
Output HDL file name = lab7_ROM_impl_1.vm.
ROM style = auto
RAM style = auto
The -comp option is FALSE.
The -syn option is FALSE.
-vh2008

-path C:/lscc/radiant/2023.1/ispfpga/ice40tp/data (searchpath added)
-path Z:/es4/lab7_ROM (searchpath added)
-path Z:/es4/lab7_ROM/impl_1 (searchpath added)
Mixed language design
Verilog design file = C:/lscc/radiant/2023.1/ip/pmi/pmi_iCE40UP.v
VHDL library = pmi
VHDL design file = C:/lscc/radiant/2023.1/ip/pmi/pmi_iCE40UP.vhd
VHDL library = work
VHDL design file = Z:/es4/lab7_ROM/source/impl_1/top.vhd
VHDL library = work
VHDL design file = Z:/es4/lab7_ROM/source/impl_1/sevenseg.vhd
VHDL library = work
VHDL design file = Z:/es4/lab7_ROM/source/impl_1/counter.vhd
VHDL library = work
VHDL design file = Z:/es4/lab7_ROM/source/impl_1/rom.vhd
The -r option is OFF. [ Remove LOC Properties is OFF. ]
WARNING <35935050> - synthesis: input port TRIM9 is not connected on this instance. VDB-5050
WARNING <35935050> - synthesis: input port TRIM8 is not connected on this instance. VDB-5050
WARNING <35935050> - synthesis: input port TRIM7 is not connected on this instance. VDB-5050
WARNING <35935050> - synthesis: input port TRIM6 is not connected on this instance. VDB-5050
WARNING <35935050> - synthesis: input port TRIM5 is not connected on this instance. VDB-5050
WARNING <35935050> - synthesis: input port TRIM4 is not connected on this instance. VDB-5050
WARNING <35935050> - synthesis: input port TRIM3 is not connected on this instance. VDB-5050
WARNING <35935050> - synthesis: input port TRIM2 is not connected on this instance. VDB-5050
WARNING <35935050> - synthesis: input port TRIM1 is not connected on this instance. VDB-5050
WARNING <35935050> - synthesis: input port TRIM0 is not connected on this instance. VDB-5050
WARNING <35935050> - synthesis: input port I is not connected on this instance. VDB-5050
Compile design.
Compile Design Begin
Analyzing Verilog file c:/lscc/radiant/2023.1/ip/pmi/pmi_ice40up.v. VERI-1482
INFO <35901328> - synthesis: c:/lscc/radiant/2023.1/ip/pmi/pmi_ice40up.v(1): analyzing included file c:/lscc/radiant/2023.1/ip/pmi/pmi_addsub.v. VERI-1328
INFO <35901328> - synthesis: c:/lscc/radiant/2023.1/ip/pmi/pmi_addsub.v(40): analyzing included file c:/lscc/radiant/2023.1/ip/pmi/../common/adder_subtractor/rtl/lscc_add_sub.v. VERI-1328
INFO <35901328> - synthesis: c:/lscc/radiant/2023.1/ip/pmi/pmi_ice40up.v(2): analyzing included file c:/lscc/radiant/2023.1/ip/pmi/pmi_add.v. VERI-1328
INFO <35901328> - synthesis: c:/lscc/radiant/2023.1/ip/pmi/pmi_add.v(50): analyzing included file c:/lscc/radiant/2023.1/ip/pmi/../common/adder/rtl/lscc_adder.v. VERI-1328
INFO <35901328> - synthesis: c:/lscc/radiant/2023.1/ip/pmi/pmi_ice40up.v(3): analyzing included file c:/lscc/radiant/2023.1/ip/pmi/pmi_complex_mult.v. VERI-1328
INFO <35901328> - synthesis: c:/lscc/radiant/2023.1/ip/pmi/pmi_complex_mult.v(52): analyzing included file c:/lscc/radiant/2023.1/ip/pmi/../common/complex_mult/rtl/lscc_complex_mult.v. VERI-1328
INFO <35901328> - synthesis: c:/lscc/radiant/2023.1/ip/pmi/pmi_ice40up.v(4): analyzing included file c:/lscc/radiant/2023.1/ip/pmi/pmi_counter.v. VERI-1328
INFO <35901328> - synthesis: c:/lscc/radiant/2023.1/ip/pmi/pmi_counter.v(39): analyzing included file c:/lscc/radiant/2023.1/ip/pmi/../common/counter/rtl/lscc_cntr.v. VERI-1328
INFO <35901328> - synthesis: c:/lscc/radiant/2023.1/ip/pmi/pmi_ice40up.v(5): analyzing included file c:/lscc/radiant/2023.1/ip/pmi/pmi_fifo.v. VERI-1328
INFO <35901328> - synthesis: c:/lscc/radiant/2023.1/ip/pmi/pmi_fifo.v(44): analyzing included file c:/lscc/radiant/2023.1/ip/pmi/../avant/fifo/rtl/lscc_fifo.v. VERI-1328
INFO <35901328> - synthesis: c:/lscc/radiant/2023.1/ip/pmi/pmi_ice40up.v(6): analyzing included file c:/lscc/radiant/2023.1/ip/pmi/pmi_fifo_dc.v. VERI-1328
INFO <35901328> - synthesis: c:/lscc/radiant/2023.1/ip/pmi/pmi_fifo_dc.v(47): analyzing included file c:/lscc/radiant/2023.1/ip/pmi/../avant/fifo_dc/rtl/lscc_fifo_dc.v. VERI-1328
INFO <35901328> - synthesis: c:/lscc/radiant/2023.1/ip/pmi/pmi_ice40up.v(7): analyzing included file c:/lscc/radiant/2023.1/ip/pmi/pmi_mac.v. VERI-1328
INFO <35901328> - synthesis: c:/lscc/radiant/2023.1/ip/pmi/pmi_mac.v(52): analyzing included file c:/lscc/radiant/2023.1/ip/pmi/../common/mult_accumulate/rtl/lscc_mult_accumulate.v. VERI-1328
INFO <35901328> - synthesis: c:/lscc/radiant/2023.1/ip/pmi/pmi_ice40up.v(8): analyzing included file c:/lscc/radiant/2023.1/ip/pmi/pmi_multaddsubsum.v. VERI-1328
INFO <35901328> - synthesis: c:/lscc/radiant/2023.1/ip/pmi/pmi_multaddsubsum.v(53): analyzing included file c:/lscc/radiant/2023.1/ip/pmi/../common/mult_add_sub_sum/rtl/lscc_mult_add_sub_sum.v. VERI-1328
INFO <35901328> - synthesis: c:/lscc/radiant/2023.1/ip/pmi/pmi_ice40up.v(9): analyzing included file c:/lscc/radiant/2023.1/ip/pmi/pmi_multaddsub.v. VERI-1328
INFO <35901328> - synthesis: c:/lscc/radiant/2023.1/ip/pmi/pmi_multaddsub.v(52): analyzing included file c:/lscc/radiant/2023.1/ip/pmi/../common/mult_add_sub/rtl/lscc_mult_add_sub.v. VERI-1328
INFO <35901328> - synthesis: c:/lscc/radiant/2023.1/ip/pmi/pmi_ice40up.v(10): analyzing included file c:/lscc/radiant/2023.1/ip/pmi/pmi_mult.v. VERI-1328
INFO <35901328> - synthesis: c:/lscc/radiant/2023.1/ip/pmi/pmi_mult.v(51): analyzing included file c:/lscc/radiant/2023.1/ip/pmi/../common/multiplier/rtl/lscc_multiplier.v. VERI-1328
INFO <35901328> - synthesis: c:/lscc/radiant/2023.1/ip/pmi/pmi_ice40up.v(11): analyzing included file c:/lscc/radiant/2023.1/ip/pmi/pmi_ram_dp.v. VERI-1328
INFO <35901328> - synthesis: c:/lscc/radiant/2023.1/ip/pmi/pmi_ram_dp.v(48): analyzing included file c:/lscc/radiant/2023.1/ip/pmi/../avant/ram_dp/rtl/lscc_ram_dp.v. VERI-1328
INFO <35901328> - synthesis: c:/lscc/radiant/2023.1/ip/pmi/pmi_ice40up.v(12): analyzing included file c:/lscc/radiant/2023.1/ip/pmi/pmi_ram_dq.v. VERI-1328
INFO <35901328> - synthesis: c:/lscc/radiant/2023.1/ip/pmi/pmi_ram_dq.v(45): analyzing included file c:/lscc/radiant/2023.1/ip/pmi/../avant/ram_dq/rtl/lscc_ram_dq.v. VERI-1328
INFO <35901328> - synthesis: c:/lscc/radiant/2023.1/ip/pmi/pmi_ice40up.v(13): analyzing included file c:/lscc/radiant/2023.1/ip/pmi/pmi_rom.v. VERI-1328
INFO <35901328> - synthesis: c:/lscc/radiant/2023.1/ip/pmi/pmi_rom.v(45): analyzing included file c:/lscc/radiant/2023.1/ip/pmi/../avant/rom/rtl/lscc_rom.v. VERI-1328
INFO <35901328> - synthesis: c:/lscc/radiant/2023.1/ip/pmi/pmi_ice40up.v(14): analyzing included file c:/lscc/radiant/2023.1/ip/pmi/pmi_sub.v. VERI-1328
INFO <35901328> - synthesis: c:/lscc/radiant/2023.1/ip/pmi/pmi_sub.v(50): analyzing included file c:/lscc/radiant/2023.1/ip/pmi/../common/subtractor/rtl/lscc_subtractor.v. VERI-1328
INFO <35901328> - synthesis: c:/lscc/radiant/2023.1/ip/pmi/pmi_ice40up.v(15): analyzing included file c:/lscc/radiant/2023.1/ip/pmi/pmi_ram_dp_be.v. VERI-1328
INFO <35901328> - synthesis: c:/lscc/radiant/2023.1/ip/pmi/pmi_ram_dp_be.v(49): analyzing included file c:/lscc/radiant/2023.1/ip/pmi/../avant/ram_dp/rtl/lscc_ram_dp.v. VERI-1328
INFO <35901328> - synthesis: c:/lscc/radiant/2023.1/ip/pmi/pmi_ice40up.v(16): analyzing included file c:/lscc/radiant/2023.1/ip/pmi/pmi_ram_dq_be.v. VERI-1328
INFO <35901328> - synthesis: c:/lscc/radiant/2023.1/ip/pmi/pmi_ram_dq_be.v(45): analyzing included file c:/lscc/radiant/2023.1/ip/pmi/../avant/ram_dq/rtl/lscc_ram_dq.v. VERI-1328
INFO <35901328> - synthesis: c:/lscc/radiant/2023.1/ip/pmi/pmi_ice40up.v(17): analyzing included file c:/lscc/radiant/2023.1/ip/pmi/pmi_dsp.v. VERI-1328
Analyzing VHDL file c:/lscc/radiant/2023.1/ip/pmi/pmi_ice40up.vhd. VHDL-1481
Analyzing VHDL file c:/lscc/radiant/2023.1/ip/pmi/pmi_ice40up.vhd

INFO <35921014> - synthesis: c:/lscc/radiant/2023.1/ip/pmi/pmi_ice40up.vhd(4): analyzing package components. VHDL-1014
Analyzing VHDL file z:/es4/lab7_rom/source/impl_1/top.vhd. VHDL-1481
Analyzing VHDL file z:/es4/lab7_rom/source/impl_1/top.vhd

INFO <35921012> - synthesis: z:/es4/lab7_rom/source/impl_1/top.vhd(5): analyzing entity top. VHDL-1012
INFO <35921010> - synthesis: z:/es4/lab7_rom/source/impl_1/top.vhd(12): analyzing architecture synth. VHDL-1010
Analyzing VHDL file z:/es4/lab7_rom/source/impl_1/sevenseg.vhd. VHDL-1481
Analyzing VHDL file z:/es4/lab7_rom/source/impl_1/sevenseg.vhd

INFO <35921012> - synthesis: z:/es4/lab7_rom/source/impl_1/sevenseg.vhd(6): analyzing entity sevenseg. VHDL-1012
INFO <35921010> - synthesis: z:/es4/lab7_rom/source/impl_1/sevenseg.vhd(13): analyzing architecture synth. VHDL-1010
Analyzing VHDL file z:/es4/lab7_rom/source/impl_1/counter.vhd. VHDL-1481
Analyzing VHDL file z:/es4/lab7_rom/source/impl_1/counter.vhd

INFO <35921012> - synthesis: z:/es4/lab7_rom/source/impl_1/counter.vhd(5): analyzing entity counter. VHDL-1012
INFO <35921010> - synthesis: z:/es4/lab7_rom/source/impl_1/counter.vhd(12): analyzing architecture synth. VHDL-1010
Analyzing VHDL file z:/es4/lab7_rom/source/impl_1/rom.vhd. VHDL-1481
Analyzing VHDL file z:/es4/lab7_rom/source/impl_1/rom.vhd

INFO <35921012> - synthesis: z:/es4/lab7_rom/source/impl_1/rom.vhd(6): analyzing entity rom. VHDL-1012
INFO <35921010> - synthesis: z:/es4/lab7_rom/source/impl_1/rom.vhd(14): analyzing architecture synth. VHDL-1010
INFO <35921504> - synthesis: The default VHDL library search path is now "Z:/es4/lab7_ROM/impl_1". VHDL-1504
Top module language type = VHDL.
Top module name (VHDL, mixed language): top
                                                         


### Number of Logic Cells: 5280


### Number of RAM Blocks: 30


### Number of DSP Blocks: 8


### Number of PLLs: 1


### Number of IO Pins: 56


##########################################################


                                                         





INFO <35002039> - synthesis: Special Primitives IFD1P3AZ and OFD1P3AZ for ThunderPlus are synthesized using IOL_B.

################### Begin Area Report (top)######################
Number of register bits => 30 of 5280 (0 % )
CCU2 => 14
FD1P3XZ => 30
HSOSC_CORE => 1
IOL_B => 3
LUT4 => 6
OB => 7
################### End Area Report ##################
Number of odd-length carry chains : 0
Number of even-length carry chains : 1

################### Begin Clock Report ######################
Clock Nets
Number of Clocks: 1
  Net : clk, loads : 0
Clock Enable Nets
Number of Clock Enables: 0
Highest fanout non-clock nets
Top 10 highest fanout non-clock nets:
  Net : counter1/address[2], loads : 6
  Net : counter1/address[1], loads : 6
  Net : counter1/address[0], loads : 4
  Net : rom1/display_c_3_N_6, loads : 2
  Net : counter1/n126, loads : 2
  Net : counter1/n503, loads : 2
  Net : counter1/n128, loads : 2
  Net : counter1/n122, loads : 2
  Net : counter1/n497, loads : 2
  Net : counter1/n124, loads : 2
################### End Clock Report ##################

Peak Memory Usage: 101 MB

--------------------------------------------------------------
Total CPU Time: 2 secs 
Total REAL Time: 4 secs 
--------------------------------------------------------------
